<?xml version="1.0" encoding="UTF-8"?>
<!-- Generated by org.testng.reporters.JUnitReportReporter -->
<testsuite skipped="0" hostname="LAPTOP-BFDQ7CBF" name="qaclickacademy.Mavenjava.RestapiTest" tests="2" failures="0" timestamp="2020-05-17T01:34:41 IST" time="0.002" errors="0">
  <testcase name="RestapiTest1" time="0.001" classname="qaclickacademy.Mavenjava.RestapiTest"/>
  <system-out/>
  <testcase name="RestapiTest2" time="0.001" classname="qaclickacademy.Mavenjava.RestapiTest"/>
  <system-out/>
</testsuite> <!-- qaclickacademy.Mavenjava.RestapiTest -->
