<?xml version="1.0" encoding="UTF-8"?>
<!-- Generated by org.testng.reporters.JUnitReportReporter -->
<testsuite skipped="0" hostname="LAPTOP-BFDQ7CBF" name="qaclickacademy.Mavenjava.SeleniumJavaTest" tests="2" failures="0" timestamp="2020-05-18T04:25:15 IST" time="0.012" errors="0">
  <testcase name="SelTest2" time="0.000" classname="qaclickacademy.Mavenjava.SeleniumJavaTest"/>
  <system-out/>
  <testcase name="SelTest1" time="0.012" classname="qaclickacademy.Mavenjava.SeleniumJavaTest"/>
  <system-out/>
</testsuite> <!-- qaclickacademy.Mavenjava.SeleniumJavaTest -->
